0 info it worked if it ends with ok
1 verbose cli [ '/Users/andrew.snead/.nvm/versions/node/v6.11.3/bin/node',
1 verbose cli   '/Users/andrew.snead/.nvm/versions/node/v6.11.3/bin/npm',
1 verbose cli   'publish' ]
2 info using npm@3.10.10
3 info using node@v6.11.3
4 verbose publish [ '.' ]
5 silly cache add args [ '.', null ]
6 verbose cache add spec .
7 silly cache add parsed spec Result {
7 silly cache add   raw: '.',
7 silly cache add   scope: null,
7 silly cache add   escapedName: null,
7 silly cache add   name: null,
7 silly cache add   rawSpec: '.',
7 silly cache add   spec: '/Users/andrew.snead/projects/handlebar-lodash-converter',
7 silly cache add   type: 'directory' }
8 verbose addLocalDirectory /Users/andrew.snead/.npm/handlebar-lodash-converter/1.0.5/package.tgz not in flight; packing
9 verbose correctMkdir /Users/andrew.snead/.npm correctMkdir not in flight; initializing
10 info lifecycle handlebar-lodash-converter@1.0.5~prepublish: handlebar-lodash-converter@1.0.5
11 silly lifecycle handlebar-lodash-converter@1.0.5~prepublish: no script for prepublish, continuing
12 verbose tar pack [ '/Users/andrew.snead/.npm/handlebar-lodash-converter/1.0.5/package.tgz',
12 verbose tar pack   '/Users/andrew.snead/projects/handlebar-lodash-converter' ]
13 verbose tarball /Users/andrew.snead/.npm/handlebar-lodash-converter/1.0.5/package.tgz
14 verbose folder /Users/andrew.snead/projects/handlebar-lodash-converter
15 verbose addLocalTarball adding from inside cache /Users/andrew.snead/.npm/handlebar-lodash-converter/1.0.5/package.tgz
16 verbose correctMkdir /Users/andrew.snead/.npm correctMkdir not in flight; initializing
17 silly cache afterAdd handlebar-lodash-converter@1.0.5
18 verbose afterAdd /Users/andrew.snead/.npm/handlebar-lodash-converter/1.0.5/package/package.json not in flight; writing
19 verbose correctMkdir /Users/andrew.snead/.npm correctMkdir not in flight; initializing
20 verbose afterAdd /Users/andrew.snead/.npm/handlebar-lodash-converter/1.0.5/package/package.json written
21 silly publish { name: 'handlebar-lodash-converter',
21 silly publish   version: '1.0.5',
21 silly publish   description: 'converts handlebar to lodash syntax',
21 silly publish   main: 'index.js',
21 silly publish   scripts: { test: 'mocha && npm run eslint', eslint: 'eslint ./' },
21 silly publish   keywords: [ 'lodash', 'handlebar', 'convert' ],
21 silly publish   author: { name: 'art & dani' },
21 silly publish   license: 'MIT',
21 silly publish   devDependencies:
21 silly publish    { chai: '^3.5.0',
21 silly publish      eslint: '^3.5.0',
21 silly publish      'eslint-config-airbnb': '^11.1.0',
21 silly publish      'eslint-plugin-import': '^1.15.0',
21 silly publish      'eslint-plugin-jsx-a11y': '^2.2.2',
21 silly publish      'eslint-plugin-react': '^6.2.1',
21 silly publish      growl: '^1.10.2',
21 silly publish      mocha: '^3.0.2' },
21 silly publish   gitHead: '2d62ecd48aac0588dba338468ce6ef1d801a7b36',
21 silly publish   readme: 'ERROR: No README data found!',
21 silly publish   _id: 'handlebar-lodash-converter@1.0.5',
21 silly publish   _shasum: 'c6484d1e6a84da7b7463fa1b973a9257b9b959b0',
21 silly publish   _from: '.' }
22 verbose getPublishConfig undefined
23 silly mapToRegistry name handlebar-lodash-converter
24 silly mapToRegistry using default registry
25 silly mapToRegistry registry https://registry.npmjs.org/
26 silly mapToRegistry data Result {
26 silly mapToRegistry   raw: 'handlebar-lodash-converter',
26 silly mapToRegistry   scope: null,
26 silly mapToRegistry   escapedName: 'handlebar-lodash-converter',
26 silly mapToRegistry   name: 'handlebar-lodash-converter',
26 silly mapToRegistry   rawSpec: '',
26 silly mapToRegistry   spec: 'latest',
26 silly mapToRegistry   type: 'tag' }
27 silly mapToRegistry uri https://registry.npmjs.org/handlebar-lodash-converter
28 verbose publish registryBase https://registry.npmjs.org/
29 silly publish uploading /Users/andrew.snead/.npm/handlebar-lodash-converter/1.0.5/package.tgz
30 verbose request uri https://registry.npmjs.org/handlebar-lodash-converter
31 verbose request sending authorization for write operation
32 info attempt registry request try #1 at 1:14:37 PM
33 verbose request using bearer token for auth
34 verbose request id 12c2acedc9b402ca
35 http request PUT https://registry.npmjs.org/handlebar-lodash-converter
36 http 403 https://registry.npmjs.org/handlebar-lodash-converter
37 verbose headers { 'content-type': 'application/json',
37 verbose headers   'cache-control': 'max-age=300',
37 verbose headers   'content-length': '91',
37 verbose headers   'accept-ranges': 'bytes',
37 verbose headers   date: 'Thu, 28 Sep 2017 12:14:38 GMT',
37 verbose headers   via: '1.1 varnish',
37 verbose headers   connection: 'keep-alive',
37 verbose headers   'x-served-by': 'cache-lcy1142-LCY',
37 verbose headers   'x-cache': 'MISS',
37 verbose headers   'x-cache-hits': '0',
37 verbose headers   'x-timer': 'S1506600878.091949,VS0,VE860',
37 verbose headers   vary: 'Accept-Encoding, Accept' }
38 verbose request invalidating /Users/andrew.snead/.npm/registry.npmjs.org/handlebar-lodash-converter on PUT
39 error publish Failed PUT 403
40 verbose stack Error: You cannot publish over the previously published version 1.0.5. : handlebar-lodash-converter
40 verbose stack     at makeError (/Users/andrew.snead/.nvm/versions/node/v6.11.3/lib/node_modules/npm/node_modules/npm-registry-client/lib/request.js:302:12)
40 verbose stack     at CachingRegistryClient.<anonymous> (/Users/andrew.snead/.nvm/versions/node/v6.11.3/lib/node_modules/npm/node_modules/npm-registry-client/lib/request.js:290:14)
40 verbose stack     at Request._callback (/Users/andrew.snead/.nvm/versions/node/v6.11.3/lib/node_modules/npm/node_modules/npm-registry-client/lib/request.js:210:14)
40 verbose stack     at Request.self.callback (/Users/andrew.snead/.nvm/versions/node/v6.11.3/lib/node_modules/npm/node_modules/request/request.js:187:22)
40 verbose stack     at emitTwo (events.js:106:13)
40 verbose stack     at Request.emit (events.js:191:7)
40 verbose stack     at Request.<anonymous> (/Users/andrew.snead/.nvm/versions/node/v6.11.3/lib/node_modules/npm/node_modules/request/request.js:1048:10)
40 verbose stack     at emitOne (events.js:96:13)
40 verbose stack     at Request.emit (events.js:188:7)
40 verbose stack     at IncomingMessage.<anonymous> (/Users/andrew.snead/.nvm/versions/node/v6.11.3/lib/node_modules/npm/node_modules/request/request.js:969:12)
41 verbose statusCode 403
42 verbose pkgid handlebar-lodash-converter
43 verbose cwd /Users/andrew.snead/projects/handlebar-lodash-converter
44 error Darwin 16.7.0
45 error argv "/Users/andrew.snead/.nvm/versions/node/v6.11.3/bin/node" "/Users/andrew.snead/.nvm/versions/node/v6.11.3/bin/npm" "publish"
46 error node v6.11.3
47 error npm  v3.10.10
48 error code E403
49 error You cannot publish over the previously published version 1.0.5. : handlebar-lodash-converter
50 error If you need help, you may report this error at:
50 error     <https://github.com/npm/npm/issues>
51 verbose exit [ 1, true ]
